<?xml version="1.0" encoding="UTF-8"?>
<!-- Generated by org.testng.reporters.JUnitReportReporter -->
<testsuite skipped="0" hostname="Daya" name="com.green.appiumAutomation.NewTest" tests="1" failures="0" timestamp="02 Apr 2018 09:55:53 GMT" time="5.393" errors="0">
  <testcase name="f" time="5.393" classname="com.green.appiumAutomation.NewTest"/>
</testsuite> <!-- com.green.appiumAutomation.NewTest -->
